1583506995619	mozrunner::runner	INFO	Running command: "/usr/bin/firefox" "-marionette" "-foreground" "-no-remote" "-profile" "/tmp/rust_mozprofile3LusUQ"
1583506996257	addons.webextension.doh-rollout@mozilla.org	WARN	Loading extension 'doh-rollout@mozilla.org': Reading manifest: Invalid extension permission: networkStatus
1583506996639	addons.webextension.screenshots@mozilla.org	WARN	Loading extension 'screenshots@mozilla.org': Reading manifest: Invalid extension permission: mozillaAddons
1583506996639	addons.webextension.screenshots@mozilla.org	WARN	Loading extension 'screenshots@mozilla.org': Reading manifest: Invalid extension permission: telemetry
1583506996639	addons.webextension.screenshots@mozilla.org	WARN	Loading extension 'screenshots@mozilla.org': Reading manifest: Invalid extension permission: resource://pdf.js/
1583506996639	addons.webextension.screenshots@mozilla.org	WARN	Loading extension 'screenshots@mozilla.org': Reading manifest: Invalid extension permission: about:reader*
1583506998232	Marionette	INFO	Listening on port 39055
1583506998328	Marionette	WARN	TLS certificate errors will be ignored for this session
WebGL(0x7f575e31f000)::ForceLoseContext
JavaScript warning: https://static-olxeu.akamaized.net/static/olxpl/packed/sw232f7622dc4ff213ea2c1d8d1f64cdd8.js, line 1: unreachable code after return statement
JavaScript error: https://eus.rubiconproject.com/usync.html, line 12: SecurityError: The operation is insecure.
1583507011041	Marionette	INFO	Stopped listening on port 39055
1583507094251	mozrunner::runner	INFO	Running command: "/usr/bin/firefox" "-marionette" "-foreground" "-no-remote" "-profile" "/tmp/rust_mozprofileCvWqTC"
1583507094562	addons.webextension.doh-rollout@mozilla.org	WARN	Loading extension 'doh-rollout@mozilla.org': Reading manifest: Invalid extension permission: networkStatus
1583507094903	addons.webextension.screenshots@mozilla.org	WARN	Loading extension 'screenshots@mozilla.org': Reading manifest: Invalid extension permission: mozillaAddons
1583507094903	addons.webextension.screenshots@mozilla.org	WARN	Loading extension 'screenshots@mozilla.org': Reading manifest: Invalid extension permission: telemetry
1583507094903	addons.webextension.screenshots@mozilla.org	WARN	Loading extension 'screenshots@mozilla.org': Reading manifest: Invalid extension permission: resource://pdf.js/
1583507094903	addons.webextension.screenshots@mozilla.org	WARN	Loading extension 'screenshots@mozilla.org': Reading manifest: Invalid extension permission: about:reader*
1583507096282	Marionette	INFO	Listening on port 42461
1583507096358	Marionette	WARN	TLS certificate errors will be ignored for this session
WebGL(0x7f1d772ca800)::ForceLoseContext
JavaScript warning: https://static-olxeu.akamaized.net/static/olxpl/packed/sw232f7622dc4ff213ea2c1d8d1f64cdd8.js, line 1: unreachable code after return statement
JavaScript error: https://cdn.ampproject.org/rtv/012002192257490/v0/amp-analytics-0.1.js, line 109: NS_ERROR_NOT_INITIALIZED: 
1583507107205	Marionette	INFO	Stopped listening on port 42461
1583507138651	mozrunner::runner	INFO	Running command: "/usr/bin/firefox" "-marionette" "-foreground" "-no-remote" "-profile" "/tmp/rust_mozprofile6oNu76"
1583507138956	addons.webextension.doh-rollout@mozilla.org	WARN	Loading extension 'doh-rollout@mozilla.org': Reading manifest: Invalid extension permission: networkStatus
1583507139309	addons.webextension.screenshots@mozilla.org	WARN	Loading extension 'screenshots@mozilla.org': Reading manifest: Invalid extension permission: mozillaAddons
1583507139309	addons.webextension.screenshots@mozilla.org	WARN	Loading extension 'screenshots@mozilla.org': Reading manifest: Invalid extension permission: telemetry
1583507139309	addons.webextension.screenshots@mozilla.org	WARN	Loading extension 'screenshots@mozilla.org': Reading manifest: Invalid extension permission: resource://pdf.js/
1583507139309	addons.webextension.screenshots@mozilla.org	WARN	Loading extension 'screenshots@mozilla.org': Reading manifest: Invalid extension permission: about:reader*
1583507140783	Marionette	INFO	Listening on port 35251
1583507140863	Marionette	WARN	TLS certificate errors will be ignored for this session
WebGL(0x7f86666ac800)::ForceLoseContext
JavaScript warning: https://static-olxeu.akamaized.net/static/olxpl/packed/sw232f7622dc4ff213ea2c1d8d1f64cdd8.js, line 1: unreachable code after return statement
1583507176348	Marionette	INFO	Stopped listening on port 35251
1583507265840	mozrunner::runner	INFO	Running command: "/usr/bin/firefox" "-marionette" "-foreground" "-no-remote" "-profile" "/tmp/rust_mozprofile8hLIC6"
1583507266153	addons.webextension.doh-rollout@mozilla.org	WARN	Loading extension 'doh-rollout@mozilla.org': Reading manifest: Invalid extension permission: networkStatus
1583507266542	addons.webextension.screenshots@mozilla.org	WARN	Loading extension 'screenshots@mozilla.org': Reading manifest: Invalid extension permission: mozillaAddons
1583507266542	addons.webextension.screenshots@mozilla.org	WARN	Loading extension 'screenshots@mozilla.org': Reading manifest: Invalid extension permission: telemetry
1583507266542	addons.webextension.screenshots@mozilla.org	WARN	Loading extension 'screenshots@mozilla.org': Reading manifest: Invalid extension permission: resource://pdf.js/
1583507266542	addons.webextension.screenshots@mozilla.org	WARN	Loading extension 'screenshots@mozilla.org': Reading manifest: Invalid extension permission: about:reader*
1583507267915	Marionette	INFO	Listening on port 44145
1583507267945	Marionette	WARN	TLS certificate errors will be ignored for this session
WebGL(0x7f41e0c6b800)::ForceLoseContext
JavaScript warning: https://static-olxeu.akamaized.net/static/olxpl/packed/sw232f7622dc4ff213ea2c1d8d1f64cdd8.js, line 1: unreachable code after return statement
1583507284776	Marionette	INFO	Stopped listening on port 44145
1583507416666	mozrunner::runner	INFO	Running command: "/usr/bin/firefox" "-marionette" "-foreground" "-no-remote" "-profile" "/tmp/rust_mozprofileDlHlJ4"
1583507416973	addons.webextension.doh-rollout@mozilla.org	WARN	Loading extension 'doh-rollout@mozilla.org': Reading manifest: Invalid extension permission: networkStatus
1583507417351	addons.webextension.screenshots@mozilla.org	WARN	Loading extension 'screenshots@mozilla.org': Reading manifest: Invalid extension permission: mozillaAddons
1583507417351	addons.webextension.screenshots@mozilla.org	WARN	Loading extension 'screenshots@mozilla.org': Reading manifest: Invalid extension permission: telemetry
1583507417352	addons.webextension.screenshots@mozilla.org	WARN	Loading extension 'screenshots@mozilla.org': Reading manifest: Invalid extension permission: resource://pdf.js/
1583507417352	addons.webextension.screenshots@mozilla.org	WARN	Loading extension 'screenshots@mozilla.org': Reading manifest: Invalid extension permission: about:reader*
1583507418665	Marionette	INFO	Listening on port 42629
1583507418676	Marionette	WARN	TLS certificate errors will be ignored for this session
WebGL(0x7fca43a87800)::ForceLoseContext
JavaScript warning: https://static-olxeu.akamaized.net/static/olxpl/packed/sw232f7622dc4ff213ea2c1d8d1f64cdd8.js, line 1: unreachable code after return statement
1583507472020	mozrunner::runner	INFO	Running command: "/usr/bin/firefox" "-marionette" "-foreground" "-no-remote" "-profile" "/tmp/rust_mozprofilezjw3xM"
1583507472326	addons.webextension.doh-rollout@mozilla.org	WARN	Loading extension 'doh-rollout@mozilla.org': Reading manifest: Invalid extension permission: networkStatus
1583507472684	addons.webextension.screenshots@mozilla.org	WARN	Loading extension 'screenshots@mozilla.org': Reading manifest: Invalid extension permission: mozillaAddons
1583507472685	addons.webextension.screenshots@mozilla.org	WARN	Loading extension 'screenshots@mozilla.org': Reading manifest: Invalid extension permission: telemetry
1583507472685	addons.webextension.screenshots@mozilla.org	WARN	Loading extension 'screenshots@mozilla.org': Reading manifest: Invalid extension permission: resource://pdf.js/
1583507472685	addons.webextension.screenshots@mozilla.org	WARN	Loading extension 'screenshots@mozilla.org': Reading manifest: Invalid extension permission: about:reader*
1583507474091	Marionette	INFO	Listening on port 41193
1583507474126	Marionette	WARN	TLS certificate errors will be ignored for this session
WebGL(0x7fa03f7d6000)::ForceLoseContext
JavaScript warning: https://static-olxeu.akamaized.net/static/olxpl/packed/sw232f7622dc4ff213ea2c1d8d1f64cdd8.js, line 1: unreachable code after return statement
1583507483178	Marionette	INFO	Stopped listening on port 41193
1583507490588	mozrunner::runner	INFO	Running command: "/usr/bin/firefox" "-marionette" "-foreground" "-no-remote" "-profile" "/tmp/rust_mozprofile4qmRBO"
1583507490891	addons.webextension.doh-rollout@mozilla.org	WARN	Loading extension 'doh-rollout@mozilla.org': Reading manifest: Invalid extension permission: networkStatus
1583507491275	addons.webextension.screenshots@mozilla.org	WARN	Loading extension 'screenshots@mozilla.org': Reading manifest: Invalid extension permission: mozillaAddons
1583507491275	addons.webextension.screenshots@mozilla.org	WARN	Loading extension 'screenshots@mozilla.org': Reading manifest: Invalid extension permission: telemetry
1583507491275	addons.webextension.screenshots@mozilla.org	WARN	Loading extension 'screenshots@mozilla.org': Reading manifest: Invalid extension permission: resource://pdf.js/
1583507491275	addons.webextension.screenshots@mozilla.org	WARN	Loading extension 'screenshots@mozilla.org': Reading manifest: Invalid extension permission: about:reader*
1583507492745	Marionette	INFO	Listening on port 40399
1583507492799	Marionette	WARN	TLS certificate errors will be ignored for this session
WebGL(0x7f48d3540000)::ForceLoseContext
JavaScript warning: https://static-olxeu.akamaized.net/static/olxpl/packed/sw232f7622dc4ff213ea2c1d8d1f64cdd8.js, line 1: unreachable code after return statement
JavaScript error: https://eus.rubiconproject.com/usync.html, line 12: SecurityError: The operation is insecure.
1583507513027	Marionette	INFO	Stopped listening on port 40399
1583507641671	mozrunner::runner	INFO	Running command: "/usr/bin/firefox" "-marionette" "-foreground" "-no-remote" "-profile" "/tmp/rust_mozprofilen0KYTf"
1583507641979	addons.webextension.doh-rollout@mozilla.org	WARN	Loading extension 'doh-rollout@mozilla.org': Reading manifest: Invalid extension permission: networkStatus
1583507642384	addons.webextension.screenshots@mozilla.org	WARN	Loading extension 'screenshots@mozilla.org': Reading manifest: Invalid extension permission: mozillaAddons
1583507642384	addons.webextension.screenshots@mozilla.org	WARN	Loading extension 'screenshots@mozilla.org': Reading manifest: Invalid extension permission: telemetry
1583507642384	addons.webextension.screenshots@mozilla.org	WARN	Loading extension 'screenshots@mozilla.org': Reading manifest: Invalid extension permission: resource://pdf.js/
1583507642384	addons.webextension.screenshots@mozilla.org	WARN	Loading extension 'screenshots@mozilla.org': Reading manifest: Invalid extension permission: about:reader*
1583507643892	Marionette	INFO	Listening on port 43617
1583507643990	Marionette	WARN	TLS certificate errors will be ignored for this session
WebGL(0x7f16c23ce800)::ForceLoseContext
JavaScript warning: https://static-olxeu.akamaized.net/static/olxpl/packed/sw232f7622dc4ff213ea2c1d8d1f64cdd8.js, line 1: unreachable code after return statement
JavaScript error: https://eus.rubiconproject.com/usync.html, line 12: SecurityError: The operation is insecure.
1583507656282	Marionette	INFO	Stopped listening on port 43617
1583508964242	mozrunner::runner	INFO	Running command: "/usr/bin/firefox" "-marionette" "-foreground" "-no-remote" "-profile" "/tmp/rust_mozprofileDnyd04"
1583508964552	addons.webextension.doh-rollout@mozilla.org	WARN	Loading extension 'doh-rollout@mozilla.org': Reading manifest: Invalid extension permission: networkStatus
1583508964918	addons.webextension.screenshots@mozilla.org	WARN	Loading extension 'screenshots@mozilla.org': Reading manifest: Invalid extension permission: mozillaAddons
1583508964918	addons.webextension.screenshots@mozilla.org	WARN	Loading extension 'screenshots@mozilla.org': Reading manifest: Invalid extension permission: telemetry
1583508964918	addons.webextension.screenshots@mozilla.org	WARN	Loading extension 'screenshots@mozilla.org': Reading manifest: Invalid extension permission: resource://pdf.js/
1583508964918	addons.webextension.screenshots@mozilla.org	WARN	Loading extension 'screenshots@mozilla.org': Reading manifest: Invalid extension permission: about:reader*
1583508966283	Marionette	INFO	Listening on port 39781
1583508966349	Marionette	WARN	TLS certificate errors will be ignored for this session
WebGL(0x7fc5519d7800)::ForceLoseContext
JavaScript warning: https://static-olxeu.akamaized.net/static/olxpl/packed/sw232f7622dc4ff213ea2c1d8d1f64cdd8.js, line 1: unreachable code after return statement
JavaScript error: https://eus.rubiconproject.com/usync.html, line 12: SecurityError: The operation is insecure.
1583508977672	Marionette	INFO	Stopped listening on port 39781
1583508990816	mozrunner::runner	INFO	Running command: "/usr/bin/firefox" "-marionette" "-foreground" "-no-remote" "-profile" "/tmp/rust_mozprofileWRT2Tn"
1583508991144	addons.webextension.doh-rollout@mozilla.org	WARN	Loading extension 'doh-rollout@mozilla.org': Reading manifest: Invalid extension permission: networkStatus
1583508991516	addons.webextension.screenshots@mozilla.org	WARN	Loading extension 'screenshots@mozilla.org': Reading manifest: Invalid extension permission: mozillaAddons
1583508991516	addons.webextension.screenshots@mozilla.org	WARN	Loading extension 'screenshots@mozilla.org': Reading manifest: Invalid extension permission: telemetry
1583508991516	addons.webextension.screenshots@mozilla.org	WARN	Loading extension 'screenshots@mozilla.org': Reading manifest: Invalid extension permission: resource://pdf.js/
1583508991516	addons.webextension.screenshots@mozilla.org	WARN	Loading extension 'screenshots@mozilla.org': Reading manifest: Invalid extension permission: about:reader*
1583508992944	Marionette	INFO	Listening on port 38851
1583508993023	Marionette	WARN	TLS certificate errors will be ignored for this session
WebGL(0x7f761fcbd000)::ForceLoseContext
JavaScript warning: https://static-olxeu.akamaized.net/static/olxpl/packed/sw232f7622dc4ff213ea2c1d8d1f64cdd8.js, line 1: unreachable code after return statement
JavaScript error: https://eus.rubiconproject.com/usync.html, line 12: SecurityError: The operation is insecure.
JavaScript error: https://eus.rubiconproject.com/usync.html, line 12: SecurityError: The operation is insecure.
1583509006260	Marionette	INFO	Stopped listening on port 42629
1583509010360	Marionette	INFO	Stopped listening on port 38851
1583509206021	mozrunner::runner	INFO	Running command: "/usr/bin/firefox" "-marionette" "-foreground" "-no-remote" "-profile" "/tmp/rust_mozprofilecn0OQQ"
1583509206340	addons.webextension.doh-rollout@mozilla.org	WARN	Loading extension 'doh-rollout@mozilla.org': Reading manifest: Invalid extension permission: networkStatus
1583509206712	addons.webextension.screenshots@mozilla.org	WARN	Loading extension 'screenshots@mozilla.org': Reading manifest: Invalid extension permission: mozillaAddons
1583509206712	addons.webextension.screenshots@mozilla.org	WARN	Loading extension 'screenshots@mozilla.org': Reading manifest: Invalid extension permission: telemetry
1583509206712	addons.webextension.screenshots@mozilla.org	WARN	Loading extension 'screenshots@mozilla.org': Reading manifest: Invalid extension permission: resource://pdf.js/
1583509206712	addons.webextension.screenshots@mozilla.org	WARN	Loading extension 'screenshots@mozilla.org': Reading manifest: Invalid extension permission: about:reader*
1583509208121	Marionette	INFO	Listening on port 36165
1583509208131	Marionette	WARN	TLS certificate errors will be ignored for this session
WebGL(0x7f1b387c0000)::ForceLoseContext
JavaScript warning: https://static-olxeu.akamaized.net/static/olxpl/packed/sw232f7622dc4ff213ea2c1d8d1f64cdd8.js, line 1: unreachable code after return statement
JavaScript error: https://eus.rubiconproject.com/usync.html, line 12: SecurityError: The operation is insecure.
1583509217724	Marionette	INFO	Stopped listening on port 36165
1583509225066	mozrunner::runner	INFO	Running command: "/usr/bin/firefox" "-marionette" "-foreground" "-no-remote" "-profile" "/tmp/rust_mozprofileYlpObE"
1583509225366	addons.webextension.doh-rollout@mozilla.org	WARN	Loading extension 'doh-rollout@mozilla.org': Reading manifest: Invalid extension permission: networkStatus
1583509225743	addons.webextension.screenshots@mozilla.org	WARN	Loading extension 'screenshots@mozilla.org': Reading manifest: Invalid extension permission: mozillaAddons
1583509225743	addons.webextension.screenshots@mozilla.org	WARN	Loading extension 'screenshots@mozilla.org': Reading manifest: Invalid extension permission: telemetry
1583509225744	addons.webextension.screenshots@mozilla.org	WARN	Loading extension 'screenshots@mozilla.org': Reading manifest: Invalid extension permission: resource://pdf.js/
1583509225744	addons.webextension.screenshots@mozilla.org	WARN	Loading extension 'screenshots@mozilla.org': Reading manifest: Invalid extension permission: about:reader*
1583509227207	Marionette	INFO	Listening on port 38833
1583509227272	Marionette	WARN	TLS certificate errors will be ignored for this session
WebGL(0x7f2687b36000)::ForceLoseContext
JavaScript warning: https://static-olxeu.akamaized.net/static/olxpl/packed/sw232f7622dc4ff213ea2c1d8d1f64cdd8.js, line 1: unreachable code after return statement
1583509245490	Marionette	INFO	Stopped listening on port 38833
1583510001049	mozrunner::runner	INFO	Running command: "/usr/bin/firefox" "-marionette" "-foreground" "-no-remote" "-profile" "/tmp/rust_mozprofile3FRBYd"
1583510001382	addons.webextension.doh-rollout@mozilla.org	WARN	Loading extension 'doh-rollout@mozilla.org': Reading manifest: Invalid extension permission: networkStatus
1583510001758	addons.webextension.screenshots@mozilla.org	WARN	Loading extension 'screenshots@mozilla.org': Reading manifest: Invalid extension permission: mozillaAddons
1583510001758	addons.webextension.screenshots@mozilla.org	WARN	Loading extension 'screenshots@mozilla.org': Reading manifest: Invalid extension permission: telemetry
1583510001758	addons.webextension.screenshots@mozilla.org	WARN	Loading extension 'screenshots@mozilla.org': Reading manifest: Invalid extension permission: resource://pdf.js/
1583510001758	addons.webextension.screenshots@mozilla.org	WARN	Loading extension 'screenshots@mozilla.org': Reading manifest: Invalid extension permission: about:reader*
1583510003180	Marionette	INFO	Listening on port 40527
1583510003256	Marionette	WARN	TLS certificate errors will be ignored for this session
WebGL(0x7f259cb1e800)::ForceLoseContext
JavaScript warning: https://static-olxeu.akamaized.net/static/olxpl/packed/sw232f7622dc4ff213ea2c1d8d1f64cdd8.js, line 1: unreachable code after return statement
console.error: (new Error("SessionFile is closed", "resource:///modules/sessionstore/SessionFile.jsm", 433))
1583510026466	Marionette	INFO	Stopped listening on port 40527
1583511279931	mozrunner::runner	INFO	Running command: "/usr/bin/firefox" "-marionette" "-foreground" "-no-remote" "-profile" "/tmp/rust_mozprofilefMTz9F"
1583511280260	addons.webextension.doh-rollout@mozilla.org	WARN	Loading extension 'doh-rollout@mozilla.org': Reading manifest: Invalid extension permission: networkStatus
1583511280668	addons.webextension.screenshots@mozilla.org	WARN	Loading extension 'screenshots@mozilla.org': Reading manifest: Invalid extension permission: mozillaAddons
1583511280668	addons.webextension.screenshots@mozilla.org	WARN	Loading extension 'screenshots@mozilla.org': Reading manifest: Invalid extension permission: telemetry
1583511280668	addons.webextension.screenshots@mozilla.org	WARN	Loading extension 'screenshots@mozilla.org': Reading manifest: Invalid extension permission: resource://pdf.js/
1583511280669	addons.webextension.screenshots@mozilla.org	WARN	Loading extension 'screenshots@mozilla.org': Reading manifest: Invalid extension permission: about:reader*
1583511282134	Marionette	INFO	Listening on port 43211
1583511282142	Marionette	WARN	TLS certificate errors will be ignored for this session
WebGL(0x7f676387d000)::ForceLoseContext
JavaScript warning: https://static-olxeu.akamaized.net/static/olxpl/packed/sw232f7622dc4ff213ea2c1d8d1f64cdd8.js, line 1: unreachable code after return statement
1583511298675	mozrunner::runner	INFO	Running command: "/usr/bin/firefox" "-marionette" "-foreground" "-no-remote" "-profile" "/tmp/rust_mozprofiler58Dc5"
1583511299012	addons.webextension.doh-rollout@mozilla.org	WARN	Loading extension 'doh-rollout@mozilla.org': Reading manifest: Invalid extension permission: networkStatus
1583511299413	addons.webextension.screenshots@mozilla.org	WARN	Loading extension 'screenshots@mozilla.org': Reading manifest: Invalid extension permission: mozillaAddons
1583511299413	addons.webextension.screenshots@mozilla.org	WARN	Loading extension 'screenshots@mozilla.org': Reading manifest: Invalid extension permission: telemetry
1583511299414	addons.webextension.screenshots@mozilla.org	WARN	Loading extension 'screenshots@mozilla.org': Reading manifest: Invalid extension permission: resource://pdf.js/
1583511299414	addons.webextension.screenshots@mozilla.org	WARN	Loading extension 'screenshots@mozilla.org': Reading manifest: Invalid extension permission: about:reader*
1583511300745	Marionette	INFO	Listening on port 35223
1583511300782	Marionette	WARN	TLS certificate errors will be ignored for this session
WebGL(0x7fa7c8bd7000)::ForceLoseContext
JavaScript warning: https://static-olxeu.akamaized.net/static/olxpl/packed/sw232f7622dc4ff213ea2c1d8d1f64cdd8.js, line 1: unreachable code after return statement
JavaScript error: https://eus.rubiconproject.com/usync.html, line 12: SecurityError: The operation is insecure.
1583511321512	Marionette	INFO	Stopped listening on port 35223
1583511497563	mozrunner::runner	INFO	Running command: "/usr/bin/firefox" "-marionette" "-foreground" "-no-remote" "-profile" "/tmp/rust_mozprofilemSjk3b"
1583511497887	addons.webextension.doh-rollout@mozilla.org	WARN	Loading extension 'doh-rollout@mozilla.org': Reading manifest: Invalid extension permission: networkStatus
1583511498310	addons.webextension.screenshots@mozilla.org	WARN	Loading extension 'screenshots@mozilla.org': Reading manifest: Invalid extension permission: mozillaAddons
1583511498310	addons.webextension.screenshots@mozilla.org	WARN	Loading extension 'screenshots@mozilla.org': Reading manifest: Invalid extension permission: telemetry
1583511498310	addons.webextension.screenshots@mozilla.org	WARN	Loading extension 'screenshots@mozilla.org': Reading manifest: Invalid extension permission: resource://pdf.js/
1583511498311	addons.webextension.screenshots@mozilla.org	WARN	Loading extension 'screenshots@mozilla.org': Reading manifest: Invalid extension permission: about:reader*
1583511499756	Marionette	INFO	Listening on port 34687
1583511499775	Marionette	WARN	TLS certificate errors will be ignored for this session
WebGL(0x7f1072a2a000)::ForceLoseContext
JavaScript warning: https://static-olxeu.akamaized.net/static/olxpl/packed/sw232f7622dc4ff213ea2c1d8d1f64cdd8.js, line 1: unreachable code after return statement
JavaScript error: https://www.olx.pl/pomorskie/q-macbook/ line 1 > scriptElement, line 166: TypeError: null has no properties
JavaScript error: https://www.olx.pl/pomorskie/q-macbook/ line 1 > scriptElement, line 222: TypeError: window.parent.document.querySelector(...) is null
1583512787428	mozrunner::runner	INFO	Running command: "/usr/bin/firefox" "-marionette" "-foreground" "-no-remote" "-profile" "/tmp/rust_mozprofileFdw27r"
1583512787750	addons.webextension.doh-rollout@mozilla.org	WARN	Loading extension 'doh-rollout@mozilla.org': Reading manifest: Invalid extension permission: networkStatus
1583512788116	addons.webextension.screenshots@mozilla.org	WARN	Loading extension 'screenshots@mozilla.org': Reading manifest: Invalid extension permission: mozillaAddons
1583512788116	addons.webextension.screenshots@mozilla.org	WARN	Loading extension 'screenshots@mozilla.org': Reading manifest: Invalid extension permission: telemetry
1583512788116	addons.webextension.screenshots@mozilla.org	WARN	Loading extension 'screenshots@mozilla.org': Reading manifest: Invalid extension permission: resource://pdf.js/
1583512788116	addons.webextension.screenshots@mozilla.org	WARN	Loading extension 'screenshots@mozilla.org': Reading manifest: Invalid extension permission: about:reader*
1583512789613	Marionette	INFO	Listening on port 36353
1583512789662	Marionette	WARN	TLS certificate errors will be ignored for this session
WebGL(0x7fb39cb3c000)::ForceLoseContext
JavaScript warning: https://static-olxeu.akamaized.net/static/olxpl/packed/sw232f7622dc4ff213ea2c1d8d1f64cdd8.js, line 1: unreachable code after return statement
1583512807566	mozrunner::runner	INFO	Running command: "/usr/bin/firefox" "-marionette" "-foreground" "-no-remote" "-profile" "/tmp/rust_mozprofilejDlR1N"
1583512807878	addons.webextension.doh-rollout@mozilla.org	WARN	Loading extension 'doh-rollout@mozilla.org': Reading manifest: Invalid extension permission: networkStatus
1583512808276	addons.webextension.screenshots@mozilla.org	WARN	Loading extension 'screenshots@mozilla.org': Reading manifest: Invalid extension permission: mozillaAddons
1583512808276	addons.webextension.screenshots@mozilla.org	WARN	Loading extension 'screenshots@mozilla.org': Reading manifest: Invalid extension permission: telemetry
1583512808276	addons.webextension.screenshots@mozilla.org	WARN	Loading extension 'screenshots@mozilla.org': Reading manifest: Invalid extension permission: resource://pdf.js/
1583512808276	addons.webextension.screenshots@mozilla.org	WARN	Loading extension 'screenshots@mozilla.org': Reading manifest: Invalid extension permission: about:reader*
1583512809644	Marionette	INFO	Listening on port 45145
1583512809673	Marionette	WARN	TLS certificate errors will be ignored for this session
WebGL(0x7f61645b3000)::ForceLoseContext
JavaScript warning: https://static-olxeu.akamaized.net/static/olxpl/packed/sw232f7622dc4ff213ea2c1d8d1f64cdd8.js, line 1: unreachable code after return statement
JavaScript error: https://eus.rubiconproject.com/usync.html, line 12: SecurityError: The operation is insecure.
1583512832430	Marionette	INFO	Stopped listening on port 45145
1583512863412	mozrunner::runner	INFO	Running command: "/usr/bin/firefox" "-marionette" "-foreground" "-no-remote" "-profile" "/tmp/rust_mozprofile7k58DY"
1583512863724	addons.webextension.doh-rollout@mozilla.org	WARN	Loading extension 'doh-rollout@mozilla.org': Reading manifest: Invalid extension permission: networkStatus
1583512864157	addons.webextension.screenshots@mozilla.org	WARN	Loading extension 'screenshots@mozilla.org': Reading manifest: Invalid extension permission: mozillaAddons
1583512864157	addons.webextension.screenshots@mozilla.org	WARN	Loading extension 'screenshots@mozilla.org': Reading manifest: Invalid extension permission: telemetry
1583512864158	addons.webextension.screenshots@mozilla.org	WARN	Loading extension 'screenshots@mozilla.org': Reading manifest: Invalid extension permission: resource://pdf.js/
1583512864158	addons.webextension.screenshots@mozilla.org	WARN	Loading extension 'screenshots@mozilla.org': Reading manifest: Invalid extension permission: about:reader*
1583512865655	Marionette	INFO	Listening on port 35105
1583512865721	Marionette	WARN	TLS certificate errors will be ignored for this session
WebGL(0x7fa6646a9800)::ForceLoseContext
JavaScript warning: https://static-olxeu.akamaized.net/static/olxpl/packed/sw232f7622dc4ff213ea2c1d8d1f64cdd8.js, line 1: unreachable code after return statement
1583512942135	mozrunner::runner	INFO	Running command: "/usr/bin/firefox" "-marionette" "-foreground" "-no-remote" "-profile" "/tmp/rust_mozprofilepnmvYQ"
1583512942450	addons.webextension.doh-rollout@mozilla.org	WARN	Loading extension 'doh-rollout@mozilla.org': Reading manifest: Invalid extension permission: networkStatus
1583512942844	addons.webextension.screenshots@mozilla.org	WARN	Loading extension 'screenshots@mozilla.org': Reading manifest: Invalid extension permission: mozillaAddons
1583512942844	addons.webextension.screenshots@mozilla.org	WARN	Loading extension 'screenshots@mozilla.org': Reading manifest: Invalid extension permission: telemetry
1583512942844	addons.webextension.screenshots@mozilla.org	WARN	Loading extension 'screenshots@mozilla.org': Reading manifest: Invalid extension permission: resource://pdf.js/
1583512942844	addons.webextension.screenshots@mozilla.org	WARN	Loading extension 'screenshots@mozilla.org': Reading manifest: Invalid extension permission: about:reader*
1583512944312	Marionette	INFO	Listening on port 37047
1583512944341	Marionette	WARN	TLS certificate errors will be ignored for this session
WebGL(0x7fa029cb0800)::ForceLoseContext
JavaScript warning: https://static-olxeu.akamaized.net/static/olxpl/packed/sw232f7622dc4ff213ea2c1d8d1f64cdd8.js, line 1: unreachable code after return statement
JavaScript error: https://eus.rubiconproject.com/usync.html, line 12: SecurityError: The operation is insecure.
JavaScript error: https://eus.rubiconproject.com/usync.html, line 12: SecurityError: The operation is insecure.
JavaScript error: https://eus.rubiconproject.com/usync.html, line 12: SecurityError: The operation is insecure.

###!!! [Child][MessageChannel] Error: (msgtype=0x37012F,name=PContent::Msg_ScriptError) Channel closing: too late to send/recv, messages will be lost

JavaScript error: https://eus.rubiconproject.com/usync.html, line 12: SecurityError: The operation is insecure.
1583512950245	Marionette	INFO	Stopped listening on port 43211
1583512950284	Marionette	INFO	Stopped listening on port 34687
1583512950294	Marionette	INFO	Stopped listening on port 36353
1583512950295	Marionette	INFO	Stopped listening on port 35105
1583512953251	Marionette	INFO	Stopped listening on port 37047
1583513272769	mozrunner::runner	INFO	Running command: "/usr/bin/firefox" "-marionette" "-foreground" "-no-remote" "-profile" "/tmp/rust_mozprofileKKuTVV"
1583513273101	addons.webextension.doh-rollout@mozilla.org	WARN	Loading extension 'doh-rollout@mozilla.org': Reading manifest: Invalid extension permission: networkStatus
1583513273489	addons.webextension.screenshots@mozilla.org	WARN	Loading extension 'screenshots@mozilla.org': Reading manifest: Invalid extension permission: mozillaAddons
1583513273490	addons.webextension.screenshots@mozilla.org	WARN	Loading extension 'screenshots@mozilla.org': Reading manifest: Invalid extension permission: telemetry
1583513273490	addons.webextension.screenshots@mozilla.org	WARN	Loading extension 'screenshots@mozilla.org': Reading manifest: Invalid extension permission: resource://pdf.js/
1583513273490	addons.webextension.screenshots@mozilla.org	WARN	Loading extension 'screenshots@mozilla.org': Reading manifest: Invalid extension permission: about:reader*
1583513274850	Marionette	INFO	Listening on port 43967
1583513274875	Marionette	WARN	TLS certificate errors will be ignored for this session
WebGL(0x7f6732ac4000)::ForceLoseContext
JavaScript warning: https://static-olxeu.akamaized.net/static/olxpl/packed/sw232f7622dc4ff213ea2c1d8d1f64cdd8.js, line 1: unreachable code after return statement
JavaScript error: https://eus.rubiconproject.com/usync.html, line 12: SecurityError: The operation is insecure.
1583513289888	Marionette	INFO	Stopped listening on port 43967
1583513930339	mozrunner::runner	INFO	Running command: "/usr/bin/firefox" "-marionette" "-foreground" "-no-remote" "-profile" "/tmp/rust_mozprofileIx1h1S"
1583513930650	addons.webextension.doh-rollout@mozilla.org	WARN	Loading extension 'doh-rollout@mozilla.org': Reading manifest: Invalid extension permission: networkStatus
1583513931012	addons.webextension.screenshots@mozilla.org	WARN	Loading extension 'screenshots@mozilla.org': Reading manifest: Invalid extension permission: mozillaAddons
1583513931012	addons.webextension.screenshots@mozilla.org	WARN	Loading extension 'screenshots@mozilla.org': Reading manifest: Invalid extension permission: telemetry
1583513931012	addons.webextension.screenshots@mozilla.org	WARN	Loading extension 'screenshots@mozilla.org': Reading manifest: Invalid extension permission: resource://pdf.js/
1583513931012	addons.webextension.screenshots@mozilla.org	WARN	Loading extension 'screenshots@mozilla.org': Reading manifest: Invalid extension permission: about:reader*
1583513932393	Marionette	INFO	Listening on port 42003
1583513932445	Marionette	WARN	TLS certificate errors will be ignored for this session
WebGL(0x7fc2b22c4800)::ForceLoseContext
JavaScript warning: https://static-olxeu.akamaized.net/static/olxpl/packed/sw232f7622dc4ff213ea2c1d8d1f64cdd8.js, line 1: unreachable code after return statement
JavaScript error: https://eus.rubiconproject.com/usync.html, line 12: SecurityError: The operation is insecure.
1583513961865	Marionette	INFO	Stopped listening on port 42003
1583514016158	mozrunner::runner	INFO	Running command: "/usr/bin/firefox" "-marionette" "-foreground" "-no-remote" "-profile" "/tmp/rust_mozprofileoYkUDO"
1583514016479	addons.webextension.doh-rollout@mozilla.org	WARN	Loading extension 'doh-rollout@mozilla.org': Reading manifest: Invalid extension permission: networkStatus
1583514016857	addons.webextension.screenshots@mozilla.org	WARN	Loading extension 'screenshots@mozilla.org': Reading manifest: Invalid extension permission: mozillaAddons
1583514016857	addons.webextension.screenshots@mozilla.org	WARN	Loading extension 'screenshots@mozilla.org': Reading manifest: Invalid extension permission: telemetry
1583514016857	addons.webextension.screenshots@mozilla.org	WARN	Loading extension 'screenshots@mozilla.org': Reading manifest: Invalid extension permission: resource://pdf.js/
1583514016857	addons.webextension.screenshots@mozilla.org	WARN	Loading extension 'screenshots@mozilla.org': Reading manifest: Invalid extension permission: about:reader*
1583514018287	Marionette	INFO	Listening on port 35233
1583514018365	Marionette	WARN	TLS certificate errors will be ignored for this session
WebGL(0x7f05ffbb2800)::ForceLoseContext
JavaScript warning: https://static-olxeu.akamaized.net/static/olxpl/packed/sw232f7622dc4ff213ea2c1d8d1f64cdd8.js, line 1: unreachable code after return statement
JavaScript error: https://www.olx.pl/pomorskie/q-macbook/ line 1 > scriptElement, line 146: TypeError: null has no properties
JavaScript error: https://www.olx.pl/pomorskie/q-macbook/ line 1 > scriptElement, line 202: TypeError: window.parent.document.querySelector(...) is null
1583514078347	mozrunner::runner	INFO	Running command: "/usr/bin/firefox" "-marionette" "-foreground" "-no-remote" "-profile" "/tmp/rust_mozprofileh6Tnf7"
1583514078664	addons.webextension.doh-rollout@mozilla.org	WARN	Loading extension 'doh-rollout@mozilla.org': Reading manifest: Invalid extension permission: networkStatus
1583514079052	addons.webextension.screenshots@mozilla.org	WARN	Loading extension 'screenshots@mozilla.org': Reading manifest: Invalid extension permission: mozillaAddons
1583514079052	addons.webextension.screenshots@mozilla.org	WARN	Loading extension 'screenshots@mozilla.org': Reading manifest: Invalid extension permission: telemetry
1583514079052	addons.webextension.screenshots@mozilla.org	WARN	Loading extension 'screenshots@mozilla.org': Reading manifest: Invalid extension permission: resource://pdf.js/
1583514079052	addons.webextension.screenshots@mozilla.org	WARN	Loading extension 'screenshots@mozilla.org': Reading manifest: Invalid extension permission: about:reader*
1583514080410	Marionette	INFO	Listening on port 43081
1583514080453	Marionette	WARN	TLS certificate errors will be ignored for this session
WebGL(0x7f0d25516000)::ForceLoseContext
JavaScript warning: https://static-olxeu.akamaized.net/static/olxpl/packed/sw232f7622dc4ff213ea2c1d8d1f64cdd8.js, line 1: unreachable code after return statement
JavaScript error: resource://gre/modules/UrlClassifierListManager.jsm, line 680: TypeError: this.tablesData[table] is undefined
1583514084728	Marionette	INFO	Stopped listening on port 43081
JavaScript error: https://eus.rubiconproject.com/usync.html, line 12: SecurityError: The operation is insecure.
1583514155700	Marionette	INFO	Stopped listening on port 35233
1583519417367	mozrunner::runner	INFO	Running command: "/usr/bin/firefox" "-marionette" "-foreground" "-no-remote" "-profile" "/tmp/rust_mozprofilesnRlwV"
1583519417706	addons.webextension.doh-rollout@mozilla.org	WARN	Loading extension 'doh-rollout@mozilla.org': Reading manifest: Invalid extension permission: networkStatus
1583519418074	addons.webextension.screenshots@mozilla.org	WARN	Loading extension 'screenshots@mozilla.org': Reading manifest: Invalid extension permission: mozillaAddons
1583519418074	addons.webextension.screenshots@mozilla.org	WARN	Loading extension 'screenshots@mozilla.org': Reading manifest: Invalid extension permission: telemetry
1583519418074	addons.webextension.screenshots@mozilla.org	WARN	Loading extension 'screenshots@mozilla.org': Reading manifest: Invalid extension permission: resource://pdf.js/
1583519418074	addons.webextension.screenshots@mozilla.org	WARN	Loading extension 'screenshots@mozilla.org': Reading manifest: Invalid extension permission: about:reader*
1583519419618	Marionette	INFO	Listening on port 33687
1583519419695	Marionette	WARN	TLS certificate errors will be ignored for this session
1583519422033	Marionette	INFO	Stopped listening on port 33687
1583519434642	mozrunner::runner	INFO	Running command: "/usr/bin/firefox" "-marionette" "-foreground" "-no-remote" "-profile" "/tmp/rust_mozprofiletA9Cnr"
1583519434965	addons.webextension.doh-rollout@mozilla.org	WARN	Loading extension 'doh-rollout@mozilla.org': Reading manifest: Invalid extension permission: networkStatus
1583519435341	addons.webextension.screenshots@mozilla.org	WARN	Loading extension 'screenshots@mozilla.org': Reading manifest: Invalid extension permission: mozillaAddons
1583519435341	addons.webextension.screenshots@mozilla.org	WARN	Loading extension 'screenshots@mozilla.org': Reading manifest: Invalid extension permission: telemetry
1583519435342	addons.webextension.screenshots@mozilla.org	WARN	Loading extension 'screenshots@mozilla.org': Reading manifest: Invalid extension permission: resource://pdf.js/
1583519435342	addons.webextension.screenshots@mozilla.org	WARN	Loading extension 'screenshots@mozilla.org': Reading manifest: Invalid extension permission: about:reader*
1583519436922	Marionette	INFO	Listening on port 46753
1583519436996	Marionette	WARN	TLS certificate errors will be ignored for this session
WebGL(0x7f3069ce9800)::ForceLoseContext
JavaScript warning: https://static-olxeu.akamaized.net/static/olxpl/packed/sw232f7622dc4ff213ea2c1d8d1f64cdd8.js, line 1: unreachable code after return statement
JavaScript error: https://eus.rubiconproject.com/usync.html, line 12: SecurityError: The operation is insecure.
1583519479360	Marionette	INFO	Stopped listening on port 46753
